--------------------------------------------------------------------------------
      name:  <unnamed>
       log:  /Users/ronald/Desktop/paper/statajournal/findsj/findsj_examples.log
  log type:  text
 opened on:  22 Jul 2026, 19:37:31

. which findsj
/Users/ronald/Desktop/paper/statajournal/findsj/findsj.ado
*! version 3.2.4  22Jul2026
*! Yujun Lian (arlionn@163.com), Chucheng Wan (chucheng.wan@outlook.com)

. which getiref
/Users/ronald/Desktop/paper/statajournal/findsj/getiref.ado
*! version 2.3  2025/05/08
*! version 1.1 2023/9/26
*! Yujun Lian, arlionn@163.com

.
. * Verify that an author command returns exactly the records whose author field
. * contains every query term as a complete name token.
. capture program drop verify_author_count

. program define verify_author_count
  1.     version 16
  2.     syntax, Query(string) Returned(integer)
  3.
.     preserve
  4.     quietly use "findsj.dta", clear
  5.     capture confirm variable authors
  6.     if !_rc rename authors author
  7.
.     tempvar author_tokens matched
  8.     quietly gen strL `author_tokens' = ustrlower(author)
  9.     quietly replace `author_tokens' = ///
>         ustrregexra(`author_tokens', "[^\p{L}\p{N}_]+", " ")
 10.     quietly replace `author_tokens' = ///
>         " " + strtrim(stritrim(`author_tokens')) + " "
 11.
.     local query_clean = ///
>         ustrlower(ustrregexra(`"`query'"', "[^\p{L}\p{N}_]+", " "))
 12.     local query_clean = strtrim(stritrim(`"`query_clean'"'))
 13.     local n_words = wordcount(`"`query_clean'"')
 14.
.     quietly gen byte `matched' = 1
 15.     forvalues i = 1/`n_words' {
 16.         local query_word = word(`"`query_clean'"', `i')
 17.         quietly replace `matched' = 0 if ///
>             strpos(`author_tokens', " `query_word' ") == 0
 18.     }
 19.
.     quietly count if `matched'
 20.     local expected = r(N)
 21.     restore
 22.
.     if `returned' != `expected' {
 23.         display as error "Author-search regression test failed for: `query'
> "
 24.         display as error "Command returned `returned'; expected `expected'.
> "
 25.         exit 9
 26.     }
 27.     display as result ///
>         "PASS: `query' returned all `returned' complete-token matches."
 28. end

.
.
. *-----------------------------------------------------------------------------
> --
. * Section 1: Basic search functionality
. * Manuscript: Introduction and Syntax and usage
. *-----------------------------------------------------------------------------
> --
.
. display as result "--- Example 1: Basic keyword search ---"
--- Example 1: Basic keyword search ---

. findsj did, n(3)
[1] On synthetic difference-in-differences and related estimation methods in
Stata
    Clarke, Damian; Pailañir, Daniel; Athey, Susan; Imbens, Guido (2024).
    Stata Journal 24(4): 557-598
    Web | PDF | Google | Install  |  .md | .latex | .txt | BibTeX | RIS
[2] Fuzzy differences-in-differences with Stata
    de Chaisemartin, Clément; D’Haultfœuille, Xavier; Guyonvarch, Yannick
    (2019). Stata Journal 19(2): 435-458
    Web | PDF | Google | Install  |  .md | .latex | .txt | BibTeX | RIS
[3] Implementing Weighted-average Estimation of Substance Concentration Using
Multiple Dilutions
    Xu, Ying; Milligan, Paul; Remarque, Edmond J.; Cheung, Yin Bun (2016).
    Stata Journal 16(2): 316-330
    Web | PDF | Google | Install  |  .md | .latex | .txt | BibTeX | RIS

Showing 3 of 49 results. (all)

.
. display as result "--- Example 2: Search by author ---"
--- Example 2: Search by author ---

. findsj cox, author
[1] Speaking Stata: Three commands for data reduction
    Cox, Nicholas J. (2026). Stata Journal 26(2): 291-322
    Web | PDF | Google | Install  |  .md | .latex | .txt | BibTeX | RIS
[2] Speaking Stata: How to debug, part I
    Cox, Nicholas J. (2026). Stata Journal 26(1): 132-143
    Web | PDF | Google | Install  |  .md | .latex | .txt | BibTeX | RIS
[3] Announcement of the Stata Journal Editors’ Prize 2026
    Cox, Nicholas J.; Jenkins, Stephen P. (2026). Stata Journal 26(1): 5-6
    Web | PDF | Google | Install  |  .md | .latex | .txt | BibTeX | RIS
[4] Stata tip 165: Marginal titles for graph bar, graph dot, graph box, and
beyond
    Cox, Nicholas J. (2025). Stata Journal 25(4): 865-871
    Web | PDF | Google | Install  |  .md | .latex | .txt | BibTeX | RIS
[5] Speaking Stata: Some notes on quadratic fits
    Cox, Nicholas J. (2025). Stata Journal 25(4): 847-864
    Web | PDF | Google | Install  |  .md | .latex | .txt | BibTeX | RIS
[6] The Stata Journal Editors’ Prize 2025: Michael J. Crowther
    Cox, Nicholas J.; Jenkins, Stephen P. (2025). Stata Journal 25(4):
    696-698
    Web | PDF | Google | Install  |  .md | .latex | .txt | BibTeX | RIS
[7] Stata tip 162: Add marginal rugs using marker symbols or axis ticks
    Cox, Nicholas J. (2025). Stata Journal 25(2): 491-497
    Web | PDF | Google | Install  |  .md | .latex | .txt | BibTeX | RIS
[8] Speaking Stata: Nine notes on dealing with dates and times
    Cox, Nicholas J. (2025). Stata Journal 25(2): 471-483
    Web | PDF | Google | Install  |  .md | .latex | .txt | BibTeX | RIS
[9] Stata tip 159: Absent friends: How to plot what is not present
    Cox, Nicholas J. (2025). Stata Journal 25(1): 244-251
    Web | PDF | Google | Install  |  .md | .latex | .txt | BibTeX | RIS
[10] Announcement of the Stata Journal Editors' Prize 2025
    Cox, Nicholas J.; Jenkins, Stephen P. (2025). Stata Journal 25(1): 1-2
    Web | PDF | Google | Install  |  .md | .latex | .txt | BibTeX | RIS

Showing 10 of 188 results. (all)

.
. display as result "--- Example 3: Multiword title search ---"
--- Example 3: Multiword title search ---

. findsj panel data, title
[1] Testing and estimating structural breaks in time series and panel data in
Stata
    Ditzen, Jan; Karavias, Yiannis; Westerlund, Joakim (2025). Stata Journal
    25(3): 526-560
    Web | PDF | Google | Install  |  .md | .latex | .txt | BibTeX | RIS
[2] Identify latent group structures in panel data: The classifylasso command
    Huang, Wenxin; Wang, Yiru; Zhou, Lingyun (2024). Stata Journal 24(1):
    46-71
    Web | PDF | Google | Install  |  .md | .latex | .txt | BibTeX | RIS
[3] xtnumfac: A battery of estimators for the number of common factors in time
series and panel-data models
    Ditzen, Jan; Reese, Simon (2023). Stata Journal 23(2): 438-454
    Web | PDF | Google | Install  |  .md | .latex | .txt | BibTeX | RIS
[4] A Lagrange multiplier test for the mean stationarity assumption in dynamic
panel-data models
    Magazzini, Laura; Calzolari, Giorgio (2023). Stata Journal 23(2):
    418-437
    Web | PDF | Google | Install  |  .md | .latex | .txt | BibTeX | RIS
[5] Improved tests for Granger noncausality in panel data
    Xiao, Jiaqi; Karavias, Yiannis; Juodis, Artūras; Sarafidis, Vasilis;
    Ditzen, Jan (2023). Stata Journal 23(1): 230-242
    Web | PDF | Google | Install  |  .md | .latex | .txt | BibTeX | RIS
[6] Stata tip 150: When is it appropriate to xtset a panel dataset with panelvar
only?
    Lazzaro, Carlo (2023). Stata Journal 23(1): 281-292
    Web | PDF | Google | Install  |  .md | .latex | .txt | BibTeX | RIS
[7] Uniform nonparametric inference for spatially dependent panel data: The
xtnpsreg command
    Li, Jia; Liao, Zhipeng; Zhou, Wenyu (2023). Stata Journal 23(1): 243-264
    Web | PDF | Google | Install  |  .md | .latex | .txt | BibTeX | RIS
[8] Instrumental-variable estimation of large-T panel-data models with common
factors
    Kripfganz, Sebastian; Sarafidis, Vasilis (2021). Stata Journal 21(3):
    659-686
    Web | PDF | Google | Install  |  .md | .latex | .txt | BibTeX | RIS
[9] Extending the Kitagawa–Oaxaca–Blinder decomposition approach to panel data
    Kröger, Hannes; Hartmann, Jörg (2021). Stata Journal 21(2): 360-410
    Web | PDF | Google | Install  |  .md | .latex | .txt | BibTeX | RIS
[10] Fitting partially linear functional-coefficient panel-data models with
Stata
    Du, Kerui; Zhang, Yonghui; Zhou, Qiankun (2020). Stata Journal 20(4):
    976-998
    Web | PDF | Google | Install  |  .md | .latex | .txt | BibTeX | RIS

Showing 10 of 25 results. (all)

.
. display as result "--- Example 4: Limiting displayed results ---"
--- Example 4: Limiting displayed results ---

. findsj panel data, n(3)
[1] Estimation of quantile regressions with fixed effects
    Rios-Avila, Fernando; Ramos, Andrey; Canavire-Bacarreza, Gustavo; Siles,
    Leonardo (2026). Stata Journal 26(1): 111-131
    Web | PDF | Google | Install  |  .md | .latex | .txt | BibTeX | RIS
[2] Testing for slope heterogeneity bias in the fixed-effects estimator
    Alejo, Javier; Galvao, Antonio F.; Montes-Rojas, Gabriel (2025). Stata
    Journal 25(4): 836-846
    Web | PDF | Google | Install  |  .md | .latex | .txt | BibTeX | RIS
[3] Weighted-average least squares: Beyond the classical linear regression model
    Luca, Giuseppe De; Magnus, Jan R. (2025). Stata Journal 25(4): 772-811
    Web | PDF | Google | Install  |  .md | .latex | .txt | BibTeX | RIS

Showing 3 of 78 results. (all)

.
.
. *-----------------------------------------------------------------------------
> --
. * Section 2: Targeted author-search regression tests
. * Manuscript: How findsj resolves a query
. *-----------------------------------------------------------------------------
> --
.
. display as result "--- Example 5: Jenkins author search ---"
--- Example 5: Jenkins author search ---

. findsj jenkins, author allresults
[1] Announcement of the Stata Journal Editors’ Prize 2026
    Cox, Nicholas J.; Jenkins, Stephen P. (2026). Stata Journal 26(1): 5-6
    Web | PDF | Google | Install  |  .md | .latex | .txt | BibTeX | RIS
[2] The Stata Journal Editors’ Prize 2025: Michael J. Crowther
    Cox, Nicholas J.; Jenkins, Stephen P. (2025). Stata Journal 25(4):
    696-698
    Web | PDF | Google | Install  |  .md | .latex | .txt | BibTeX | RIS
[3] Announcement of the Stata Journal Editors' Prize 2025
    Cox, Nicholas J.; Jenkins, Stephen P. (2025). Stata Journal 25(1): 1-2
    Web | PDF | Google | Install  |  .md | .latex | .txt | BibTeX | RIS
[4] Announcement of the Stata Journal Editors’ Prize 2024
    Cox, Nicholas J.; Jenkins, Stephen P. (2024). Stata Journal 24(1): 1-2
    Web | PDF | Google | Install  |  .md | .latex | .txt | BibTeX | RIS
[5] The Stata Journal Editors’ Prize 2023: Fernando Rios-Avila
    Cox, Nicholas J.; Jenkins, Stephen P. (2023). Stata Journal 23(4):
    905-908
    Web | PDF | Google | Install  |  .md | .latex | .txt | BibTeX | RIS
[6] Finite mixture models for linked survey and administrative data: Estimation
and postestimation
    Jenkins, Stephen P.; Rios-Avila, Fernando (2023). Stata Journal 23(1):
    53-85
    Web | PDF | Google | Install  |  .md | .latex | .txt | BibTeX | RIS
[7] Announcement of the Stata Journal Editors’ Prize 2023
    Cox, Nicholas J.; Jenkins, Stephen P. (2023). Stata Journal 23(1): 1-2
    Web | PDF | Google | Install  |  .md | .latex | .txt | BibTeX | RIS
[8] The Stata Journal Editors’ Prize 2022: Christopher F. Baum
    Cox, Nicholas J.; Jenkins, Stephen P. (2022). Stata Journal 22(4):
    727-733
    Web | PDF | Google | Install  |  .md | .latex | .txt | BibTeX | RIS
[9] Announcement of the Stata Journal Editors’ Prize 2022
    Cox, Nicholas J.; Jenkins, Stephen P. (2022). Stata Journal 22(1): 1-2
    Web | PDF | Google | Install  |  .md | .latex | .txt | BibTeX | RIS
[10] Comparing distributions of ordinal data
    Jenkins, Stephen P. (2020). Stata Journal 20(3): 505-531
    Web | PDF | Google | Install  |  .md | .latex | .txt | BibTeX | RIS
[11] Review of Applied Health Economics by Jones, Rice, Bago d'Uva, and Balia
    Jenkins, Stephen P. (2008). Stata Journal 8(1): 122-128
    Web | PDF | Google | Install  |  .md | .latex | .txt | BibTeX | RIS
[12] Stata Tip 32: Do not Stop
    Jenkins, Stephen P. (2006). Stata Journal 6(2): 281-281
    Web | PDF | Google | Install  |  .md | .latex | .txt | BibTeX | RIS
[13] Calculation of Multivariate Normal Probabilities by Simulation, with
Applications to Maximum Simulated Likelihood Estimation
    Cappellari, Lorenzo; Jenkins, Stephen P. (2006). Stata Journal 6(2):
    156-189
    Web | PDF | Google | Install  |  .md | .latex | .txt | BibTeX | RIS
[14] Review of Maximum Likelihood Estimation with Stata by Gould, Pitblado, and
Sribney
    Jenkins, Stephen P. (2003). Stata Journal 3(4): 440-444
    Web | PDF | Google | Install  |  .md | .latex | .txt | BibTeX | RIS
[15] Multivariate Probit Regression using Simulated Maximum Likelihood
    Cappellari, Lorenzo; Jenkins, Stephen P. (2003). Stata Journal 3(3):
    278-294
    Web | PDF | Google | Install  |  .md | .latex | .txt | BibTeX | RIS
[16] Generalized Lorenz Curves and Related Graphs: An Update for Stata 7
    Van Kerm, Philippe; Jenkins, Stephen P. (2001). Stata Journal 1(1):
    107-112
    Web | PDF | Google | Install  |  .md | .latex | .txt | BibTeX | RIS

Showing 16 of 16 results. (all)

. local n_jenkins = r(n_results)

. verify_author_count, query("jenkins") returned(`n_jenkins')
PASS: jenkins returned all 16 complete-token matches.

.
. display as result "--- Example 6: Lian author search ---"
--- Example 6: Lian author search ---

. findsj lian, author allresults
[1] Browse and cite Stata manuals easily: The wwwhelp command
    Chen, Yongli; Lian, Yujun (2024). Stata Journal 24(1): 161-168
    Web | PDF | Google | Install  |  .md | .latex | .txt | BibTeX | RIS
[2] Two-tier stochastic frontier analysis using Stata
    Lian, Yujun; Liu, Chang; Parmeter, Christopher F. (2023). Stata Journal
    23(1): 197-229
    Web | PDF | Google | Install  |  .md | .latex | .txt | BibTeX | RIS

Showing 2 of 2 results. (all)

. local n_lian = r(n_results)

. verify_author_count, query("lian") returned(`n_lian')
PASS: lian returned all 2 complete-token matches.

.
. display as result "--- Example 7: Baum author search ---"
--- Example 7: Baum author search ---

. findsj baum, author allresults
[1] Stata tip 166: Changing the axis scale with marginsplot
    Baum, Christopher F. (2025). Stata Journal 25(4): 872-873
    Web | PDF | Google | Install  |  .md | .latex | .txt | BibTeX | RIS
[2] Estimating treatment effects when program participation is misreported
    Baum, Christopher F.; Tommasi, Denni; Zhang, Lina (2024). Stata Journal
    24(4): 614-629
    Web | PDF | Google | Install  |  .md | .latex | .txt | BibTeX | RIS
[3] Testing for time-varying Granger causality
    Baum, Christopher F.; Hurn, Stan; Otero, Jesús (2022). Stata Journal
    22(2): 355-378
    Web | PDF | Google | Install  |  .md | .latex | .txt | BibTeX | RIS
[4] Erratum: Unit-root tests for explosive behavior
    Baum, Christopher F.; Otero, Jesús (2022). Stata Journal 22(1): 234-237
    Web | PDF | Google | Install  |  .md | .latex | .txt | BibTeX | RIS
[5] Fitting mixture models for feeling and uncertainty for rating data analysis
    Cerulli, Giovanni; Simone, Rosaria; Di Iorio, Francesca; Piccolo,
    Domenico; Baum, Christopher F. (2022). Stata Journal 22(1): 195-223
    Web | PDF | Google | Install  |  .md | .latex | .txt | BibTeX | RIS
[6] Unit-root tests for explosive behavior
    Baum, Christopher F.; Otero, Jesús (2021). Stata Journal 21(4): 999-1020
    Web | PDF | Google | Install  |  .md | .latex | .txt | BibTeX | RIS
[7] “What good is a volatility model?” A reexamination after 20 years
    Baum, Christopher F.; Hurn, Stan (2021). Stata Journal 21(2): 295-319
    Web | PDF | Google | Install  |  .md | .latex | .txt | BibTeX | RIS
[8] The BDS test of independence
    Baum, Christopher F.; Hurn, Stan; Lindsay, Kenneth (2021). Stata Journal
    21(2): 279-294
    Web | PDF | Google | Install  |  .md | .latex | .txt | BibTeX | RIS
[9] Local Whittle estimation of the long-memory parameter
    Baum, Christopher F.; Hurn, Stan; Lindsay, Kenneth (2020). Stata Journal
    20(3): 565-583
    Web | PDF | Google | Install  |  .md | .latex | .txt | BibTeX | RIS
[10] Advice on using heteroskedasticity-based identification
    Baum, Christopher F.; Lewbel, Arthur (2019). Stata Journal 19(4):
    757-767
    Web | PDF | Google | Install  |  .md | .latex | .txt | BibTeX | RIS
[11] Unit-root Tests Based on Forward and Reverse Dickey–Fuller Regressions
    Otero, Jesús; Baum, Christopher F. (2018). Stata Journal 18(1): 22-28
    Web | PDF | Google | Install  |  .md | .latex | .txt | BibTeX | RIS
[12] Response Surface Models for the Elliott, Rothenberg, and Stock Unit-root
Test
    Otero, Jesús; Baum, Christopher F. (2017). Stata Journal 17(4): 985-1002
    Web | PDF | Google | Install  |  .md | .latex | .txt | BibTeX | RIS
[13] Stata Tip 126: Handling Irregularly Spaced high-frequency Transactions Data
    Baum, Christopher F.; Bibo, Sebastiaan (2016). Stata Journal 16(2):
    517-520
    Web | PDF | Google | Install  |  .md | .latex | .txt | BibTeX | RIS
[14] Richard Sperling (1961–2011)
    Baum, Christopher F. (2011). Stata Journal 11(2): 157-158
    Web | PDF | Google | Install  |  .md | .latex | .txt | BibTeX | RIS
[15] Stata Tip 88: Efficiently Evaluating Elasticities with the Margins Command
    Baum, Christopher F. (2010). Stata Journal 10(2): 309-312
    Web | PDF | Google | Install  |  .md | .latex | .txt | BibTeX | RIS
[16] Stata Tip 73: Append with Care!
    Baum, Christopher F. (2009). Stata Journal 9(1): 166-168
    Web | PDF | Google | Install  |  .md | .latex | .txt | BibTeX | RIS
[17] Evaluating Concavity for Production and Cost Functions
    Baum, Christopher F.; Linz, Teresa (2009). Stata Journal 9(1): 161-165
    Web | PDF | Google | Install  |  .md | .latex | .txt | BibTeX | RIS
[18] Stata Tip 63: Modeling Proportions
    Baum, Christopher F. (2008). Stata Journal 8(2): 299-303
    Web | PDF | Google | Install  |  .md | .latex | .txt | BibTeX | RIS
[19] Enhanced Routines for Instrumental Variables/Generalized Method of Moments
Estimation and Testing
    Baum, Christopher F.; Schaffer, Mark E.; Stillman, Steven (2007). Stata
    Journal 7(4): 465-506
    Web | PDF | Google | Install  |  .md | .latex | .txt | BibTeX | RIS
[20] Stata Tip 45: Getting those Data into Shape
    Baum, Christopher F.; Cox, Nicholas J. (2007). Stata Journal 7(2):
    268-271
    Web | PDF | Google | Install  |  .md | .latex | .txt | BibTeX | RIS
[21] Stata Tip 40: Taking Care of Business
    Baum, Christopher F. (2007). Stata Journal 7(1): 137-139
    Web | PDF | Google | Install  |  .md | .latex | .txt | BibTeX | RIS
[22] Stata Tip 37: And the Last shall be First
    Baum, Christopher F. (2006). Stata Journal 6(4): 588-589
    Web | PDF | Google | Install  |  .md | .latex | .txt | BibTeX | RIS
[23] Stata Tip 38: Testing for Groupwise Heteroskedasticity
    Baum, Christopher F. (2006). Stata Journal 6(4): 590-592
    Web | PDF | Google | Install  |  .md | .latex | .txt | BibTeX | RIS
[24] Stata: The Language of Choice for Time-Series Analysis?
    Baum, Christopher F. (2005). Stata Journal 5(1): 46-63
    Web | PDF | Google | Install  |  .md | .latex | .txt | BibTeX | RIS
[25] Instrumental Variables and GMM: Estimation and Testing
    Baum, Christopher F.; Schaffer, Mark E.; Stillman, Steven (2003). Stata
    Journal 3(1): 1-31
    Web | PDF | Google | Install  |  .md | .latex | .txt | BibTeX | RIS
[26] Residual Diagnostics for Cross-section Time Series Regression Models
    Baum, Christopher F. (2001). Stata Journal 1(1): 101-104
    Web | PDF | Google | Install  |  .md | .latex | .txt | BibTeX | RIS

Showing 26 of 26 results. (all)

. local n_baum = r(n_results)

. verify_author_count, query("baum") returned(`n_baum')
PASS: baum returned all 26 complete-token matches.

.
. display as result "--- Example 8: Multiword author search ---"
--- Example 8: Multiword author search ---

. findsj "Christopher F. Baum", author allresults
[1] Stata tip 166: Changing the axis scale with marginsplot
    Baum, Christopher F. (2025). Stata Journal 25(4): 872-873
    Web | PDF | Google | Install  |  .md | .latex | .txt | BibTeX | RIS
[2] Estimating treatment effects when program participation is misreported
    Baum, Christopher F.; Tommasi, Denni; Zhang, Lina (2024). Stata Journal
    24(4): 614-629
    Web | PDF | Google | Install  |  .md | .latex | .txt | BibTeX | RIS
[3] Testing for time-varying Granger causality
    Baum, Christopher F.; Hurn, Stan; Otero, Jesús (2022). Stata Journal
    22(2): 355-378
    Web | PDF | Google | Install  |  .md | .latex | .txt | BibTeX | RIS
[4] Erratum: Unit-root tests for explosive behavior
    Baum, Christopher F.; Otero, Jesús (2022). Stata Journal 22(1): 234-237
    Web | PDF | Google | Install  |  .md | .latex | .txt | BibTeX | RIS
[5] Fitting mixture models for feeling and uncertainty for rating data analysis
    Cerulli, Giovanni; Simone, Rosaria; Di Iorio, Francesca; Piccolo,
    Domenico; Baum, Christopher F. (2022). Stata Journal 22(1): 195-223
    Web | PDF | Google | Install  |  .md | .latex | .txt | BibTeX | RIS
[6] Unit-root tests for explosive behavior
    Baum, Christopher F.; Otero, Jesús (2021). Stata Journal 21(4): 999-1020
    Web | PDF | Google | Install  |  .md | .latex | .txt | BibTeX | RIS
[7] “What good is a volatility model?” A reexamination after 20 years
    Baum, Christopher F.; Hurn, Stan (2021). Stata Journal 21(2): 295-319
    Web | PDF | Google | Install  |  .md | .latex | .txt | BibTeX | RIS
[8] The BDS test of independence
    Baum, Christopher F.; Hurn, Stan; Lindsay, Kenneth (2021). Stata Journal
    21(2): 279-294
    Web | PDF | Google | Install  |  .md | .latex | .txt | BibTeX | RIS
[9] Local Whittle estimation of the long-memory parameter
    Baum, Christopher F.; Hurn, Stan; Lindsay, Kenneth (2020). Stata Journal
    20(3): 565-583
    Web | PDF | Google | Install  |  .md | .latex | .txt | BibTeX | RIS
[10] Advice on using heteroskedasticity-based identification
    Baum, Christopher F.; Lewbel, Arthur (2019). Stata Journal 19(4):
    757-767
    Web | PDF | Google | Install  |  .md | .latex | .txt | BibTeX | RIS
[11] Unit-root Tests Based on Forward and Reverse Dickey–Fuller Regressions
    Otero, Jesús; Baum, Christopher F. (2018). Stata Journal 18(1): 22-28
    Web | PDF | Google | Install  |  .md | .latex | .txt | BibTeX | RIS
[12] Response Surface Models for the Elliott, Rothenberg, and Stock Unit-root
Test
    Otero, Jesús; Baum, Christopher F. (2017). Stata Journal 17(4): 985-1002
    Web | PDF | Google | Install  |  .md | .latex | .txt | BibTeX | RIS
[13] Stata Tip 126: Handling Irregularly Spaced high-frequency Transactions Data
    Baum, Christopher F.; Bibo, Sebastiaan (2016). Stata Journal 16(2):
    517-520
    Web | PDF | Google | Install  |  .md | .latex | .txt | BibTeX | RIS
[14] Richard Sperling (1961–2011)
    Baum, Christopher F. (2011). Stata Journal 11(2): 157-158
    Web | PDF | Google | Install  |  .md | .latex | .txt | BibTeX | RIS
[15] Stata Tip 88: Efficiently Evaluating Elasticities with the Margins Command
    Baum, Christopher F. (2010). Stata Journal 10(2): 309-312
    Web | PDF | Google | Install  |  .md | .latex | .txt | BibTeX | RIS
[16] Evaluating Concavity for Production and Cost Functions
    Baum, Christopher F.; Linz, Teresa (2009). Stata Journal 9(1): 161-165
    Web | PDF | Google | Install  |  .md | .latex | .txt | BibTeX | RIS
[17] Stata Tip 73: Append with Care!
    Baum, Christopher F. (2009). Stata Journal 9(1): 166-168
    Web | PDF | Google | Install  |  .md | .latex | .txt | BibTeX | RIS
[18] Stata Tip 63: Modeling Proportions
    Baum, Christopher F. (2008). Stata Journal 8(2): 299-303
    Web | PDF | Google | Install  |  .md | .latex | .txt | BibTeX | RIS
[19] Enhanced Routines for Instrumental Variables/Generalized Method of Moments
Estimation and Testing
    Baum, Christopher F.; Schaffer, Mark E.; Stillman, Steven (2007). Stata
    Journal 7(4): 465-506
    Web | PDF | Google | Install  |  .md | .latex | .txt | BibTeX | RIS
[20] Stata Tip 45: Getting those Data into Shape
    Baum, Christopher F.; Cox, Nicholas J. (2007). Stata Journal 7(2):
    268-271
    Web | PDF | Google | Install  |  .md | .latex | .txt | BibTeX | RIS
[21] Stata Tip 40: Taking Care of Business
    Baum, Christopher F. (2007). Stata Journal 7(1): 137-139
    Web | PDF | Google | Install  |  .md | .latex | .txt | BibTeX | RIS
[22] Stata Tip 38: Testing for Groupwise Heteroskedasticity
    Baum, Christopher F. (2006). Stata Journal 6(4): 590-592
    Web | PDF | Google | Install  |  .md | .latex | .txt | BibTeX | RIS
[23] Stata Tip 37: And the Last shall be First
    Baum, Christopher F. (2006). Stata Journal 6(4): 588-589
    Web | PDF | Google | Install  |  .md | .latex | .txt | BibTeX | RIS
[24] Stata: The Language of Choice for Time-Series Analysis?
    Baum, Christopher F. (2005). Stata Journal 5(1): 46-63
    Web | PDF | Google | Install  |  .md | .latex | .txt | BibTeX | RIS
[25] Instrumental Variables and GMM: Estimation and Testing
    Baum, Christopher F.; Schaffer, Mark E.; Stillman, Steven (2003). Stata
    Journal 3(1): 1-31
    Web | PDF | Google | Install  |  .md | .latex | .txt | BibTeX | RIS
[26] Residual Diagnostics for Cross-section Time Series Regression Models
    Baum, Christopher F. (2001). Stata Journal 1(1): 101-104
    Web | PDF | Google | Install  |  .md | .latex | .txt | BibTeX | RIS

Showing 26 of 26 results. (all)

. local n_fullname = r(n_results)

. verify_author_count, query("Christopher F. Baum") returned(`n_fullname')
PASS: Christopher F. Baum returned all 26 complete-token matches.

.
.
. *-----------------------------------------------------------------------------
> --
. * Section 3: Citation management
. * Manuscript: Citation management and worked ten-article example
. *-----------------------------------------------------------------------------
> --
.
. display as result "--- Example 9: DOI display and reference links ---"
--- Example 9: DOI display and reference links ---

. findsj did, ref n(1)
[1] On synthetic difference-in-differences and related estimation methods in
Stata
    Clarke, Damian; Pailañir, Daniel; Athey, Susan; Imbens, Guido (2024).
    Stata Journal 24(4): 557-598
    DOI: 10.1177/1536867x241297914
    Web | PDF | Google | Install  |  .md | .latex | .txt | BibTeX | RIS

Showing 1 of 49 results. (all)

.
. display as result "--- Example 10: Markdown citation from a DOI ---"
--- Example 10: Markdown citation from a DOI ---

. getiref 10.1177/1536867x241233676, md

Chen, Y., & Lian, Y. (2024). Browse and cite Stata manuals easily: The wwwhelp c
> ommand. The Stata Journal, 24(1), 161–168.
    Link    PDF    Google

Chen, Y., & Lian, Y. (2024). Browse and cite Stata manuals easily: The wwwhelp c
> ommand. The Stata Journal, 24(1), 161–168. [Link](https://journals.sagepub.com
> /doi/10.1177/1536867x241233676), [PDF](https://journals.sagepub.com/doi/pdf/10
> .1177/1536867x241233676), [Google](<https://scholar.google.com/scholar?q=Brows
> e and cite Stata manuals easily: The wwwhelp command>).

Tips: Text is on clipboard. Press '' to paste, ^-^

.
. display as result "--- Example 11: Batch Markdown export ---"
--- Example 11: Batch Markdown export ---

. findsj causal inference, md n(2) noclip

------------------------------------------------------------
  Markdown format:
------------------------------------------------------------

1. Estrada, Pablo; Estrada, Juan; Huynh, Kim P.; Jacho-Chávez, David; Sánchez-Ar
> agón, Leonardo (2025) netivreg: Estimation of peer effects in endogenous socia
> l networks. The Stata Journal: Promoting communications on statistics and Stat
> a, 25(2): 344-373. [Link](https://www.stata-journal.com/article.html?article=s
> t0775), [PDF](https://journals.sagepub.com/doi/pdf/10.1177/1536867x251341145),
>  [Google](<https://scholar.google.com/scholar?q=netivreg:%20Estimation%20of%20
> peer%20effects%20in%20endogenous%20social%20networks>)
2. Yan, Guanpeng; Chen, Qiang; Xiao, Zhijie (2025) Quantile control method: Caus
> al inference with one treated unit via random forest. The Stata Journal: Promo
> ting communications on statistics and Stata, 25(2): 407-437. [Link](https://ww
> w.stata-journal.com/article.html?article=st0777), [PDF](https://journals.sagep
> ub.com/doi/pdf/10.1177/1536867x251341181), [Google](<https://scholar.google.co
> m/scholar?q=Quantile%20control%20method:%20Causal%20inference%20with%20one%20t
> reated%20unit%20via%20random%20forest>)

----------------------------------------------------------
  View        Open_Mac       Open_Win          dir
----------------------------------------------------------

. capture erase "_findsj_temp_out_.md"

.
. display as result "--- Example 12: Ten-article plain-text export ---"
--- Example 12: Ten-article plain-text export ---

. timer clear 1

. timer on 1

. findsj causal inference, txt n(10) noclip

------------------------------------------------------------
  Plain text format:
------------------------------------------------------------

1. Estrada, Pablo; Estrada, Juan; Huynh, Kim P.; Jacho-Chávez, David; Sánchez-Ar
> agón, Leonardo (2025) netivreg: Estimation of peer effects in endogenous socia
> l networks. The Stata Journal: Promoting communications on statistics and Stat
> a, 25(2): 344-373. Link: https://www.stata-journal.com/article.html?article=st
> 0775, PDF: https://journals.sagepub.com/doi/pdf/10.1177/1536867x251341145, Goo
> gle: https://scholar.google.com/scholar?q=netivreg:%20Estimation%20of%20peer%2
> 0effects%20in%20endogenous%20social%20networks
2. Yan, Guanpeng; Chen, Qiang; Xiao, Zhijie (2025) Quantile control method: Caus
> al inference with one treated unit via random forest. The Stata Journal: Promo
> ting communications on statistics and Stata, 25(2): 407-437. Link: https://www
> .stata-journal.com/article.html?article=st0777, PDF: https://journals.sagepub.
> com/doi/pdf/10.1177/1536867x251341181, Google: https://scholar.google.com/scho
> lar?q=Quantile%20control%20method:%20Causal%20inference%20with%20one%20treated
> %20unit%20via%20random%20forest
3. Tübbicke, Stefan (2023) ebct: Using entropy balancing for continuous treatmen
> ts to estimate dose–response functions and their derivatives. The Stata Journa
> l: Promoting communications on statistics and Stata, 23(3): 709-729. Link: htt
> ps://www.stata-journal.com/article.html?article=st0726, PDF: https://journals.
> sagepub.com/doi/pdf/10.1177/1536867x231196291, Google: https://scholar.google.
> com/scholar?q=ebct:%20Using%20entropy%20balancing%20for%20continuous%20treatme
> nts%20to%20estimate%20dose–response%20functions%20and%20their%20derivatives
4. Yan, Guanpeng; Chen, Qiang (2023) synth2: Synthetic control method with place
> bo tests, robustness test, and visualization. The Stata Journal: Promoting com
> munications on statistics and Stata, 23(3): 597-624. Link: https://www.stata-j
> ournal.com/article.html?article=st0722, PDF: https://journals.sagepub.com/doi/
> pdf/10.1177/1536867x231195278, Google: https://scholar.google.com/scholar?q=sy
> nth2:%20Synthetic%20control%20method%20with%20placebo%20tests,%20robustness%20
> test,%20and%20visualization
5. Yan, Guanpeng; Chen, Qiang (2022) rcm: A command for the regression control m
> ethod. The Stata Journal: Promoting communications on statistics and Stata, 22
> (4): 842-883. Link: https://www.stata-journal.com/article.html?article=st0693,
>  PDF: https://journals.sagepub.com/doi/pdf/10.1177/1536867x221140960, Google:
> https://scholar.google.com/scholar?q=rcm:%20A%20command%20for%20the%20regressi
> on%20control%20method
6. Kaplan, David M. (2019) distcomp: Comparing distributions. The Stata Journal:
>  Promoting communications on statistics and Stata, 19(4): 832-848. Link: https
> ://www.stata-journal.com/article.html?article=st0579, PDF: https://journals.sa
> gepub.com/doi/pdf/10.1177/1536867x19893626, Google: https://scholar.google.com
> /scholar?q=distcomp:%20Comparing%20distributions
7. Cerulli, Giovanni; Ventura, Marco (2019) Estimation of pre- and posttreatment
>  average treatment effects with binary time-varying treatment using Stata. The
>  Stata Journal: Promoting communications on statistics and Stata, 19(3): 551-5
> 65. Link: https://www.stata-journal.com/article.html?article=st0566, PDF: http
> s://journals.sagepub.com/doi/pdf/10.1177/1536867x19874224, Google: https://sch
> olar.google.com/scholar?q=Estimation%20of%20pre-%20and%20posttreatment%20avera
> ge%20treatment%20effects%20with%20binary%20time-varying%20treatment%20using%20
> Stata
8. Xu, Ran; Frank, Kenneth A.; Maroulis, Spiro J.; Rosenberg, Joshua M. (2019) k
> onfound: Command to quantify robustness of causal inferences. The Stata Journa
> l: Promoting communications on statistics and Stata, 19(3): 523-550. Link: htt
> ps://www.stata-journal.com/article.html?article=st0565, PDF: https://journals.
> sagepub.com/doi/pdf/10.1177/1536867x19874223, Google: https://scholar.google.c
> om/scholar?q=konfound:%20Command%20to%20quantify%20robustness%20of%20causal%20
> inferences
9. Terza, Joseph V. (2017) Causal Effect Estimation and Inference Using Stata. T
> he Stata Journal: Promoting communications on statistics and Stata, 17(4): 939
> -961. Link: https://www.stata-journal.com/article.html?article=st0506, PDF: ht
> tps://journals.sagepub.com/doi/pdf/10.1177/1536867x1801700410, Google: https:/
> /scholar.google.com/scholar?q=Causal%20Effect%20Estimation%20and%20Inference%2
> 0Using%20Stata
10. Heß, Simon (2017) Randomization Inference with Stata: A Guide and Software.
> The Stata Journal: Promoting communications on statistics and Stata, 17(3): 63
> 0-651. Link: https://www.stata-journal.com/article.html?article=st0489, PDF: h
> ttps://journals.sagepub.com/doi/pdf/10.1177/1536867x1701700306, Google: https:
> //scholar.google.com/scholar?q=Randomization%20Inference%20with%20Stata:%20A%2
> 0Guide%20and%20Software

----------------------------------------------------------
  View        Open_Mac       Open_Win          dir
----------------------------------------------------------

. timer off 1

. timer list 1
   1:      0.01 /        1 =       0.0110

. capture erase "_findsj_temp_out_.txt"

.
. display as result "--- Example 13: BibTeX and RIS downloads ---"
--- Example 13: BibTeX and RIS downloads ---

. findsj st0377, bib
Downloading bib file for st0377... done.
Save to: /Users/ronald/Desktop/paper/statajournal/findsj/st0377.bib

. confirm file "st0377.bib"

. findsj dm0065, ris
Downloading ris file for dm0065... done.
Save to: /Users/ronald/Desktop/paper/statajournal/findsj/dm0065.ris

. confirm file "dm0065.ris"

. capture erase "st0377.bib"

. capture erase "dm0065.ris"

.
.
. *-----------------------------------------------------------------------------
> --
. * Section 4: Database-source display
. * Manuscript: Database structure and updates
. *-----------------------------------------------------------------------------
> --
.
. display as result "--- Example 14: Update-source menu ---"
--- Example 14: Update-source menu ---

. findsj, updatesource
----------------------------------------------------------------------
  Stata Journal Database Update
----------------------------------------------------------------------

Database location: /Users/ronald/Desktop/paper/statajournal/findsj/findsj.dta

Download source options:
  github = GitHub
  gitee  = Gitee (Fallback when GitHub is unavailable)
  both   = Try both (auto-detect language)

Click on a source above to download.
----------------------------------------------------------------------

.
. display as text "To update the database manually, run: findsj, update"
To update the database manually, run: findsj, update

.
.
. *-----------------------------------------------------------------------------
> --
. * Section 5: Download-path management
. * Manuscript: Download path management
. *-----------------------------------------------------------------------------
> --
.
. display as result "--- Example 15: Managing download paths ---"
--- Example 15: Managing download paths ---

. findsj, querypath
Current download path: /Users/ronald/Desktop/paper/statajournal/findsj (default)

.
. local demo_root = subinstr("`c(tmpdir)'", "\", "/", .)

. if substr("`demo_root'", -1, 1) != "/" local demo_root "`demo_root'/"

. local demo_path "`demo_root'findsj_demo_references"

. capture mkdir "`demo_path'"

. findsj, setpath("`demo_path'")
Download path set to: /var/folders/6k/92v6bwb15zj1lxj7w1tlk7000000gn/T/findsj_de
> mo_references
This setting will be remembered for future sessions.

. findsj, querypath
Current download path: /var/folders/6k/92v6bwb15zj1lxj7w1tlk7000000gn/T/findsj_d
> emo_references

. findsj, resetpath
Download path reset to default (current working directory)
Use findsj ..., setpath(path) to set a custom download path

. findsj, querypath
Current download path: /Users/ronald/Desktop/paper/statajournal/findsj (default)

. capture rmdir "`demo_path'"

.
. if c(linesize) != 80 {
.     display as error "Regression test failed: findsj changed linesize."
.     exit 9
. }

. display as result "PASS: caller linesize remains 80."
PASS: caller linesize remains 80.

.
. capture program drop verify_author_count

. display as result "--- All examples and regression checks completed ---"
--- All examples and regression checks completed ---

. log close
      name:  <unnamed>
       log:  /Users/ronald/Desktop/paper/statajournal/findsj/findsj_examples.log
  log type:  text
 closed on:  22 Jul 2026, 19:37:36
--------------------------------------------------------------------------------
